Next at t=0
(0) [0x0000fffffff0] f000:fff0 (unk. ctxt): jmpf 0xf000:e05b          ; ea5be000f0
<bochs:1> ptime
ptime: 0
<bochs:2> r
eax: 0x00000000 0
ecx: 0x00000000 0
edx: 0x00000000 0
ebx: 0x00000000 0
esp: 0x00000000 0
ebp: 0x00000000 0
esi: 0x00000000 0
edi: 0x00000000 0
eip: 0x0000fff0
eflags 0x00000002: id vip vif ac vm rf nt IOPL=0 of df if tf sf zf af pf cf
<bochs:3> sreg
es:0x0000, dh=0x00009300, dl=0x0000ffff, valid=7
	Data segment, base=0x00000000, limit=0x0000ffff, Read/Write, Accessed
cs:0xf000, dh=0xff0093ff, dl=0x0000ffff, valid=7
	Data segment, base=0xffff0000, limit=0x0000ffff, Read/Write, Accessed
ss:0x0000, dh=0x00009300, dl=0x0000ffff, valid=7
	Data segment, base=0x00000000, limit=0x0000ffff, Read/Write, Accessed
ds:0x0000, dh=0x00009300, dl=0x0000ffff, valid=7
	Data segment, base=0x00000000, limit=0x0000ffff, Read/Write, Accessed
fs:0x0000, dh=0x00009300, dl=0x0000ffff, valid=7
	Data segment, base=0x00000000, limit=0x0000ffff, Read/Write, Accessed
gs:0x0000, dh=0x00009300, dl=0x0000ffff, valid=7
	Data segment, base=0x00000000, limit=0x0000ffff, Read/Write, Accessed
ldtr:0x0000, dh=0x00008200, dl=0x0000ffff, valid=1
tr:0x0000, dh=0x00008b00, dl=0x0000ffff, valid=1
gdtr:base=0x00000000, limit=0xffff
idtr:base=0x00000000, limit=0xffff
<bochs:4> creg
CR0=0x60000010: pg CD NW ac wp ne ET ts em mp pe
CR2=page fault laddr=0x00000000
CR3=0x000000000000
    PCD=page-level cache disable=0
    PWT=page-level write-through=0
CR4=0x00000000: smap smep osxsave pcid fsgsbase smx vmx osxmmexcpt osfxsr pce pge mce pae pse de tsd pvi vme
EFER=0x00000000: ffxsr nxe lma lme sce
<bochs:5> dreg
DR0=0x00000000
DR1=0x00000000
DR2=0x00000000
DR3=0x00000000
DR6=0xffff0ff0: bt bs bd b3 b2 b1 b0
DR7=0x00000400: DR3=Code-Byte DR2=Code-Byte DR1=Code-Byte DR0=Code-Byte gd | ge le | g3 l3 g2 l2 g1 l1 g0 l0
<bochs:6> fpu
<bochs:7> mmx
MM[0]: 00000000_00000000
MM[1]: 00000000_00000000
MM[2]: 00000000_00000000
MM[3]: 00000000_00000000
MM[4]: 00000000_00000000
MM[5]: 00000000_00000000
MM[6]: 00000000_00000000
MM[7]: 00000000_00000000
<bochs:8> info eflags
id vip vif ac vm rf nt IOPL=0 of df if tf sf zf af pf cf
<bochs:9> xp /200bx 0
[bochs]:
0x00000000 <bogus+       0>:	0x00	0x00	0x00	0x00	0x00	0x00	0x00	0x00
0x00000008 <bogus+       8>:	0x00	0x00	0x00	0x00	0x00	0x00	0x00	0x00
0x00000010 <bogus+      16>:	0x00	0x00	0x00	0x00	0x00	0x00	0x00	0x00
0x00000018 <bogus+      24>:	0x00	0x00	0x00	0x00	0x00	0x00	0x00	0x00
0x00000020 <bogus+      32>:	0x00	0x00	0x00	0x00	0x00	0x00	0x00	0x00
0x00000028 <bogus+      40>:	0x00	0x00	0x00	0x00	0x00	0x00	0x00	0x00
0x00000030 <bogus+      48>:	0x00	0x00	0x00	0x00	0x00	0x00	0x00	0x00
0x00000038 <bogus+      56>:	0x00	0x00	0x00	0x00	0x00	0x00	0x00	0x00
0x00000040 <bogus+      64>:	0x00	0x00	0x00	0x00	0x00	0x00	0x00	0x00
0x00000048 <bogus+      72>:	0x00	0x00	0x00	0x00	0x00	0x00	0x00	0x00
0x00000050 <bogus+      80>:	0x00	0x00	0x00	0x00	0x00	0x00	0x00	0x00
0x00000058 <bogus+      88>:	0x00	0x00	0x00	0x00	0x00	0x00	0x00	0x00
0x00000060 <bogus+      96>:	0x00	0x00	0x00	0x00	0x00	0x00	0x00	0x00
0x00000068 <bogus+     104>:	0x00	0x00	0x00	0x00	0x00	0x00	0x00	0x00
0x00000070 <bogus+     112>:	0x00	0x00	0x00	0x00	0x00	0x00	0x00	0x00
0x00000078 <bogus+     120>:	0x00	0x00	0x00	0x00	0x00	0x00	0x00	0x00
0x00000080 <bogus+     128>:	0x00	0x00	0x00	0x00	0x00	0x00	0x00	0x00
0x00000088 <bogus+     136>:	0x00	0x00	0x00	0x00	0x00	0x00	0x00	0x00
0x00000090 <bogus+     144>:	0x00	0x00	0x00	0x00	0x00	0x00	0x00	0x00
0x00000098 <bogus+     152>:	0x00	0x00	0x00	0x00	0x00	0x00	0x00	0x00
0x000000a0 <bogus+     160>:	0x00	0x00	0x00	0x00	0x00	0x00	0x00	0x00
0x000000a8 <bogus+     168>:	0x00	0x00	0x00	0x00	0x00	0x00	0x00	0x00
0x000000b0 <bogus+     176>:	0x00	0x00	0x00	0x00	0x00	0x00	0x00	0x00
0x000000b8 <bogus+     184>:	0x00	0x00	0x00	0x00	0x00	0x00	0x00	0x00
0x000000c0 <bogus+     192>:	0x00	0x00	0x00	0x00	0x00	0x00	0x00	0x00
<bochs:10> disasm cs:0xfff0 0xf000:0x103f0
000ffff0: (                    ): jmpf 0xf000:e05b          ; ea5be000f0
000ffff5: (                    ): xor byte ptr ds:[di], dh  ; 3035
000ffff7: (                    ): das                       ; 2f
000ffff8: (                    ): xor byte ptr ds:[bx], dh  ; 3037
000ffffa: (                    ): das                       ; 2f
000ffffb: (                    ): xor byte ptr ds:[di], dh  ; 3035
000ffffd: (                    ): add ah, bh                ; 00fc
000fffff: (                    ): cmc                       ; f5
00100000: (                    ): add byte ptr ds:[bx+si], al ; 0000
00100002: (                    ): add byte ptr ds:[bx+si], al ; 0000
00100004: (                    ): add byte ptr ds:[bx+si], al ; 0000
00100006: (                    ): add byte ptr ds:[bx+si], al ; 0000
00100008: (                    ): add byte ptr ds:[bx+si], al ; 0000
0010000a: (                    ): add byte ptr ds:[bx+si], al ; 0000
0010000c: (                    ): add byte ptr ds:[bx+si], al ; 0000
0010000e: (                    ): add byte ptr ds:[bx+si], al ; 0000
00100010: (                    ): add byte ptr ds:[bx+si], al ; 0000
00100012: (                    ): add byte ptr ds:[bx+si], al ; 0000
00100014: (                    ): add byte ptr ds:[bx+si], al ; 0000
00100016: (                    ): add byte ptr ds:[bx+si], al ; 0000
00100018: (                    ): add byte ptr ds:[bx+si], al ; 0000
0010001a: (                    ): add byte ptr ds:[bx+si], al ; 0000
0010001c: (                    ): add byte ptr ds:[bx+si], al ; 0000
0010001e: (                    ): add byte ptr ds:[bx+si], al ; 0000
00100020: (                    ): add byte ptr ds:[bx+si], al ; 0000
00100022: (                    ): add byte ptr ds:[bx+si], al ; 0000
00100024: (                    ): add byte ptr ds:[bx+si], al ; 0000
00100026: (                    ): add byte ptr ds:[bx+si], al ; 0000
00100028: (                    ): add byte ptr ds:[bx+si], al ; 0000
0010002a: (                    ): add byte ptr ds:[bx+si], al ; 0000
0010002c: (                    ): add byte ptr ds:[bx+si], al ; 0000
0010002e: (                    ): add byte ptr ds:[bx+si], al ; 0000
00100030: (                    ): add byte ptr ds:[bx+si], al ; 0000
00100032: (                    ): add byte ptr ds:[bx+si], al ; 0000
00100034: (                    ): add byte ptr ds:[bx+si], al ; 0000
00100036: (                    ): add byte ptr ds:[bx+si], al ; 0000
00100038: (                    ): add byte ptr ds:[bx+si], al ; 0000
0010003a: (                    ): add byte ptr ds:[bx+si], al ; 0000
0010003c: (                    ): add byte ptr ds:[bx+si], al ; 0000
0010003e: (                    ): add byte ptr ds:[bx+si], al ; 0000
00100040: (                    ): add byte ptr ds:[bx+si], al ; 0000
00100042: (                    ): add byte ptr ds:[bx+si], al ; 0000
00100044: (                    ): add byte ptr ds:[bx+si], al ; 0000
00100046: (                    ): add byte ptr ds:[bx+si], al ; 0000
00100048: (                    ): add byte ptr ds:[bx+si], al ; 0000
0010004a: (                    ): add byte ptr ds:[bx+si], al ; 0000
0010004c: (                    ): add byte ptr ds:[bx+si], al ; 0000
0010004e: (                    ): add byte ptr ds:[bx+si], al ; 0000
00100050: (                    ): add byte ptr ds:[bx+si], al ; 0000
00100052: (                    ): add byte ptr ds:[bx+si], al ; 0000
00100054: (                    ): add byte ptr ds:[bx+si], al ; 0000
00100056: (                    ): add byte ptr ds:[bx+si], al ; 0000
00100058: (                    ): add byte ptr ds:[bx+si], al ; 0000
0010005a: (                    ): add byte ptr ds:[bx+si], al ; 0000
0010005c: (                    ): add byte ptr ds:[bx+si], al ; 0000
0010005e: (                    ): add byte ptr ds:[bx+si], al ; 0000
00100060: (                    ): add byte ptr ds:[bx+si], al ; 0000
00100062: (                    ): add byte ptr ds:[bx+si], al ; 0000
00100064: (                    ): add byte ptr ds:[bx+si], al ; 0000
00100066: (                    ): add byte ptr ds:[bx+si], al ; 0000
00100068: (                    ): add byte ptr ds:[bx+si], al ; 0000
0010006a: (                    ): add byte ptr ds:[bx+si], al ; 0000
0010006c: (                    ): add byte ptr ds:[bx+si], al ; 0000
0010006e: (                    ): add byte ptr ds:[bx+si], al ; 0000
00100070: (                    ): add byte ptr ds:[bx+si], al ; 0000
00100072: (                    ): add byte ptr ds:[bx+si], al ; 0000
00100074: (                    ): add byte ptr ds:[bx+si], al ; 0000
00100076: (                    ): add byte ptr ds:[bx+si], al ; 0000
00100078: (                    ): add byte ptr ds:[bx+si], al ; 0000
0010007a: (                    ): add byte ptr ds:[bx+si], al ; 0000
0010007c: (                    ): add byte ptr ds:[bx+si], al ; 0000
0010007e: (                    ): add byte ptr ds:[bx+si], al ; 0000
00100080: (                    ): add byte ptr ds:[bx+si], al ; 0000
00100082: (                    ): add byte ptr ds:[bx+si], al ; 0000
00100084: (                    ): add byte ptr ds:[bx+si], al ; 0000
00100086: (                    ): add byte ptr ds:[bx+si], al ; 0000
00100088: (                    ): add byte ptr ds:[bx+si], al ; 0000
0010008a: (                    ): add byte ptr ds:[bx+si], al ; 0000
0010008c: (                    ): add byte ptr ds:[bx+si], al ; 0000
0010008e: (                    ): add byte ptr ds:[bx+si], al ; 0000
00100090: (                    ): add byte ptr ds:[bx+si], al ; 0000
00100092: (                    ): add byte ptr ds:[bx+si], al ; 0000
00100094: (                    ): add byte ptr ds:[bx+si], al ; 0000
00100096: (                    ): add byte ptr ds:[bx+si], al ; 0000
00100098: (                    ): add byte ptr ds:[bx+si], al ; 0000
0010009a: (                    ): add byte ptr ds:[bx+si], al ; 0000
0010009c: (                    ): add byte ptr ds:[bx+si], al ; 0000
0010009e: (                    ): add byte ptr ds:[bx+si], al ; 0000
001000a0: (                    ): add byte ptr ds:[bx+si], al ; 0000
001000a2: (                    ): add byte ptr ds:[bx+si], al ; 0000
001000a4: (                    ): add byte ptr ds:[bx+si], al ; 0000
001000a6: (                    ): add byte ptr ds:[bx+si], al ; 0000
001000a8: (                    ): add byte ptr ds:[bx+si], al ; 0000
001000aa: (                    ): add byte ptr ds:[bx+si], al ; 0000
001000ac: (                    ): add byte ptr ds:[bx+si], al ; 0000
001000ae: (                    ): add byte ptr ds:[bx+si], al ; 0000
001000b0: (                    ): add byte ptr ds:[bx+si], al ; 0000
001000b2: (                    ): add byte ptr ds:[bx+si], al ; 0000
001000b4: (                    ): add byte ptr ds:[bx+si], al ; 0000
001000b6: (                    ): add byte ptr ds:[bx+si], al ; 0000
001000b8: (                    ): add byte ptr ds:[bx+si], al ; 0000
001000ba: (                    ): add byte ptr ds:[bx+si], al ; 0000
001000bc: (                    ): add byte ptr ds:[bx+si], al ; 0000
001000be: (                    ): add byte ptr ds:[bx+si], al ; 0000
001000c0: (                    ): add byte ptr ds:[bx+si], al ; 0000
001000c2: (                    ): add byte ptr ds:[bx+si], al ; 0000
001000c4: (                    ): add byte ptr ds:[bx+si], al ; 0000
001000c6: (                    ): add byte ptr ds:[bx+si], al ; 0000
001000c8: (                    ): add byte ptr ds:[bx+si], al ; 0000
001000ca: (                    ): add byte ptr ds:[bx+si], al ; 0000
001000cc: (                    ): add byte ptr ds:[bx+si], al ; 0000
001000ce: (                    ): add byte ptr ds:[bx+si], al ; 0000
001000d0: (                    ): add byte ptr ds:[bx+si], al ; 0000
001000d2: (                    ): add byte ptr ds:[bx+si], al ; 0000
001000d4: (                    ): add byte ptr ds:[bx+si], al ; 0000
001000d6: (                    ): add byte ptr ds:[bx+si], al ; 0000
001000d8: (                    ): add byte ptr ds:[bx+si], al ; 0000
001000da: (                    ): add byte ptr ds:[bx+si], al ; 0000
001000dc: (                    ): add byte ptr ds:[bx+si], al ; 0000
001000de: (                    ): add byte ptr ds:[bx+si], al ; 0000
001000e0: (                    ): add byte ptr ds:[bx+si], al ; 0000
001000e2: (                    ): add byte ptr ds:[bx+si], al ; 0000
001000e4: (                    ): add byte ptr ds:[bx+si], al ; 0000
001000e6: (                    ): add byte ptr ds:[bx+si], al ; 0000
001000e8: (                    ): add byte ptr ds:[bx+si], al ; 0000
001000ea: (                    ): add byte ptr ds:[bx+si], al ; 0000
001000ec: (                    ): add byte ptr ds:[bx+si], al ; 0000
001000ee: (                    ): add byte ptr ds:[bx+si], al ; 0000
001000f0: (                    ): add byte ptr ds:[bx+si], al ; 0000
001000f2: (                    ): add byte ptr ds:[bx+si], al ; 0000
001000f4: (                    ): add byte ptr ds:[bx+si], al ; 0000
001000f6: (                    ): add byte ptr ds:[bx+si], al ; 0000
001000f8: (                    ): add byte ptr ds:[bx+si], al ; 0000
001000fa: (                    ): add byte ptr ds:[bx+si], al ; 0000
001000fc: (                    ): add byte ptr ds:[bx+si], al ; 0000
001000fe: (                    ): add byte ptr ds:[bx+si], al ; 0000
00100100: (                    ): add byte ptr ds:[bx+si], al ; 0000
00100102: (                    ): add byte ptr ds:[bx+si], al ; 0000
00100104: (                    ): add byte ptr ds:[bx+si], al ; 0000
00100106: (                    ): add byte ptr ds:[bx+si], al ; 0000
00100108: (                    ): add byte ptr ds:[bx+si], al ; 0000
0010010a: (                    ): add byte ptr ds:[bx+si], al ; 0000
0010010c: (                    ): add byte ptr ds:[bx+si], al ; 0000
0010010e: (                    ): add byte ptr ds:[bx+si], al ; 0000
00100110: (                    ): add byte ptr ds:[bx+si], al ; 0000
00100112: (                    ): add byte ptr ds:[bx+si], al ; 0000
00100114: (                    ): add byte ptr ds:[bx+si], al ; 0000
00100116: (                    ): add byte ptr ds:[bx+si], al ; 0000
00100118: (                    ): add byte ptr ds:[bx+si], al ; 0000
0010011a: (                    ): add byte ptr ds:[bx+si], al ; 0000
0010011c: (                    ): add byte ptr ds:[bx+si], al ; 0000
0010011e: (                    ): add byte ptr ds:[bx+si], al ; 0000
00100120: (                    ): add byte ptr ds:[bx+si], al ; 0000
00100122: (                    ): add byte ptr ds:[bx+si], al ; 0000
00100124: (                    ): add byte ptr ds:[bx+si], al ; 0000
00100126: (                    ): add byte ptr ds:[bx+si], al ; 0000
00100128: (                    ): add byte ptr ds:[bx+si], al ; 0000
0010012a: (                    ): add byte ptr ds:[bx+si], al ; 0000
0010012c: (                    ): add byte ptr ds:[bx+si], al ; 0000
0010012e: (                    ): add byte ptr ds:[bx+si], al ; 0000
00100130: (                    ): add byte ptr ds:[bx+si], al ; 0000
00100132: (                    ): add byte ptr ds:[bx+si], al ; 0000
00100134: (                    ): add byte ptr ds:[bx+si], al ; 0000
00100136: (                    ): add byte ptr ds:[bx+si], al ; 0000
00100138: (                    ): add byte ptr ds:[bx+si], al ; 0000
0010013a: (                    ): add byte ptr ds:[bx+si], al ; 0000
0010013c: (                    ): add byte ptr ds:[bx+si], al ; 0000
0010013e: (                    ): add byte ptr ds:[bx+si], al ; 0000
00100140: (                    ): add byte ptr ds:[bx+si], al ; 0000
00100142: (                    ): add byte ptr ds:[bx+si], al ; 0000
00100144: (                    ): add byte ptr ds:[bx+si], al ; 0000
00100146: (                    ): add byte ptr ds:[bx+si], al ; 0000
00100148: (                    ): add byte ptr ds:[bx+si], al ; 0000
0010014a: (                    ): add byte ptr ds:[bx+si], al ; 0000
0010014c: (                    ): add byte ptr ds:[bx+si], al ; 0000
0010014e: (                    ): add byte ptr ds:[bx+si], al ; 0000
00100150: (                    ): add byte ptr ds:[bx+si], al ; 0000
00100152: (                    ): add byte ptr ds:[bx+si], al ; 0000
00100154: (                    ): add byte ptr ds:[bx+si], al ; 0000
00100156: (                    ): add byte ptr ds:[bx+si], al ; 0000
00100158: (                    ): add byte ptr ds:[bx+si], al ; 0000
0010015a: (                    ): add byte ptr ds:[bx+si], al ; 0000
0010015c: (                    ): add byte ptr ds:[bx+si], al ; 0000
0010015e: (                    ): add byte ptr ds:[bx+si], al ; 0000
00100160: (                    ): add byte ptr ds:[bx+si], al ; 0000
00100162: (                    ): add byte ptr ds:[bx+si], al ; 0000
00100164: (                    ): add byte ptr ds:[bx+si], al ; 0000
00100166: (                    ): add byte ptr ds:[bx+si], al ; 0000
00100168: (                    ): add byte ptr ds:[bx+si], al ; 0000
0010016a: (                    ): add byte ptr ds:[bx+si], al ; 0000
0010016c: (                    ): add byte ptr ds:[bx+si], al ; 0000
0010016e: (                    ): add byte ptr ds:[bx+si], al ; 0000
00100170: (                    ): add byte ptr ds:[bx+si], al ; 0000
00100172: (                    ): add byte ptr ds:[bx+si], al ; 0000
00100174: (                    ): add byte ptr ds:[bx+si], al ; 0000
00100176: (                    ): add byte ptr ds:[bx+si], al ; 0000
00100178: (                    ): add byte ptr ds:[bx+si], al ; 0000
0010017a: (                    ): add byte ptr ds:[bx+si], al ; 0000
0010017c: (                    ): add byte ptr ds:[bx+si], al ; 0000
0010017e: (                    ): add byte ptr ds:[bx+si], al ; 0000
00100180: (                    ): add byte ptr ds:[bx+si], al ; 0000
00100182: (                    ): add byte ptr ds:[bx+si], al ; 0000
00100184: (                    ): add byte ptr ds:[bx+si], al ; 0000
00100186: (                    ): add byte ptr ds:[bx+si], al ; 0000
00100188: (                    ): add byte ptr ds:[bx+si], al ; 0000
0010018a: (                    ): add byte ptr ds:[bx+si], al ; 0000
0010018c: (                    ): add byte ptr ds:[bx+si], al ; 0000
0010018e: (                    ): add byte ptr ds:[bx+si], al ; 0000
00100190: (                    ): add byte ptr ds:[bx+si], al ; 0000
00100192: (                    ): add byte ptr ds:[bx+si], al ; 0000
00100194: (                    ): add byte ptr ds:[bx+si], al ; 0000
00100196: (                    ): add byte ptr ds:[bx+si], al ; 0000
00100198: (                    ): add byte ptr ds:[bx+si], al ; 0000
0010019a: (                    ): add byte ptr ds:[bx+si], al ; 0000
0010019c: (                    ): add byte ptr ds:[bx+si], al ; 0000
0010019e: (                    ): add byte ptr ds:[bx+si], al ; 0000
001001a0: (                    ): add byte ptr ds:[bx+si], al ; 0000
001001a2: (                    ): add byte ptr ds:[bx+si], al ; 0000
001001a4: (                    ): add byte ptr ds:[bx+si], al ; 0000
001001a6: (                    ): add byte ptr ds:[bx+si], al ; 0000
001001a8: (                    ): add byte ptr ds:[bx+si], al ; 0000
001001aa: (                    ): add byte ptr ds:[bx+si], al ; 0000
001001ac: (                    ): add byte ptr ds:[bx+si], al ; 0000
001001ae: (                    ): add byte ptr ds:[bx+si], al ; 0000
001001b0: (                    ): add byte ptr ds:[bx+si], al ; 0000
001001b2: (                    ): add byte ptr ds:[bx+si], al ; 0000
001001b4: (                    ): add byte ptr ds:[bx+si], al ; 0000
001001b6: (                    ): add byte ptr ds:[bx+si], al ; 0000
001001b8: (                    ): add byte ptr ds:[bx+si], al ; 0000
001001ba: (                    ): add byte ptr ds:[bx+si], al ; 0000
001001bc: (                    ): add byte ptr ds:[bx+si], al ; 0000
001001be: (                    ): add byte ptr ds:[bx+si], al ; 0000
001001c0: (                    ): add byte ptr ds:[bx+si], al ; 0000
001001c2: (                    ): add byte ptr ds:[bx+si], al ; 0000
001001c4: (                    ): add byte ptr ds:[bx+si], al ; 0000
001001c6: (                    ): add byte ptr ds:[bx+si], al ; 0000
001001c8: (                    ): add byte ptr ds:[bx+si], al ; 0000
001001ca: (                    ): add byte ptr ds:[bx+si], al ; 0000
001001cc: (                    ): add byte ptr ds:[bx+si], al ; 0000
001001ce: (                    ): add byte ptr ds:[bx+si], al ; 0000
001001d0: (                    ): add byte ptr ds:[bx+si], al ; 0000
001001d2: (                    ): add byte ptr ds:[bx+si], al ; 0000
001001d4: (                    ): add byte ptr ds:[bx+si], al ; 0000
001001d6: (                    ): add byte ptr ds:[bx+si], al ; 0000
001001d8: (                    ): add byte ptr ds:[bx+si], al ; 0000
001001da: (                    ): add byte ptr ds:[bx+si], al ; 0000
001001dc: (                    ): add byte ptr ds:[bx+si], al ; 0000
001001de: (                    ): add byte ptr ds:[bx+si], al ; 0000
001001e0: (                    ): add byte ptr ds:[bx+si], al ; 0000
001001e2: (                    ): add byte ptr ds:[bx+si], al ; 0000
001001e4: (                    ): add byte ptr ds:[bx+si], al ; 0000
001001e6: (                    ): add byte ptr ds:[bx+si], al ; 0000
001001e8: (                    ): add byte ptr ds:[bx+si], al ; 0000
001001ea: (                    ): add byte ptr ds:[bx+si], al ; 0000
001001ec: (                    ): add byte ptr ds:[bx+si], al ; 0000
001001ee: (                    ): add byte ptr ds:[bx+si], al ; 0000
001001f0: (                    ): add byte ptr ds:[bx+si], al ; 0000
001001f2: (                    ): add byte ptr ds:[bx+si], al ; 0000
001001f4: (                    ): add byte ptr ds:[bx+si], al ; 0000
001001f6: (                    ): add byte ptr ds:[bx+si], al ; 0000
001001f8: (                    ): add byte ptr ds:[bx+si], al ; 0000
001001fa: (                    ): add byte ptr ds:[bx+si], al ; 0000
001001fc: (                    ): add byte ptr ds:[bx+si], al ; 0000
001001fe: (                    ): add byte ptr ds:[bx+si], al ; 0000
00100200: (                    ): add byte ptr ds:[bx+si], al ; 0000
00100202: (                    ): add byte ptr ds:[bx+si], al ; 0000
00100204: (                    ): add byte ptr ds:[bx+si], al ; 0000
00100206: (                    ): add byte ptr ds:[bx+si], al ; 0000
00100208: (                    ): add byte ptr ds:[bx+si], al ; 0000
0010020a: (                    ): add byte ptr ds:[bx+si], al ; 0000
0010020c: (                    ): add byte ptr ds:[bx+si], al ; 0000
0010020e: (                    ): add byte ptr ds:[bx+si], al ; 0000
00100210: (                    ): add byte ptr ds:[bx+si], al ; 0000
00100212: (                    ): add byte ptr ds:[bx+si], al ; 0000
00100214: (                    ): add byte ptr ds:[bx+si], al ; 0000
00100216: (                    ): add byte ptr ds:[bx+si], al ; 0000
00100218: (                    ): add byte ptr ds:[bx+si], al ; 0000
0010021a: (                    ): add byte ptr ds:[bx+si], al ; 0000
0010021c: (                    ): add byte ptr ds:[bx+si], al ; 0000
0010021e: (                    ): add byte ptr ds:[bx+si], al ; 0000
00100220: (                    ): add byte ptr ds:[bx+si], al ; 0000
00100222: (                    ): add byte ptr ds:[bx+si], al ; 0000
00100224: (                    ): add byte ptr ds:[bx+si], al ; 0000
00100226: (                    ): add byte ptr ds:[bx+si], al ; 0000
00100228: (                    ): add byte ptr ds:[bx+si], al ; 0000
0010022a: (                    ): add byte ptr ds:[bx+si], al ; 0000
0010022c: (                    ): add byte ptr ds:[bx+si], al ; 0000
0010022e: (                    ): add byte ptr ds:[bx+si], al ; 0000
00100230: (                    ): add byte ptr ds:[bx+si], al ; 0000
00100232: (                    ): add byte ptr ds:[bx+si], al ; 0000
00100234: (                    ): add byte ptr ds:[bx+si], al ; 0000
00100236: (                    ): add byte ptr ds:[bx+si], al ; 0000
00100238: (                    ): add byte ptr ds:[bx+si], al ; 0000
0010023a: (                    ): add byte ptr ds:[bx+si], al ; 0000
0010023c: (                    ): add byte ptr ds:[bx+si], al ; 0000
0010023e: (                    ): add byte ptr ds:[bx+si], al ; 0000
00100240: (                    ): add byte ptr ds:[bx+si], al ; 0000
00100242: (                    ): add byte ptr ds:[bx+si], al ; 0000
00100244: (                    ): add byte ptr ds:[bx+si], al ; 0000
00100246: (                    ): add byte ptr ds:[bx+si], al ; 0000
00100248: (                    ): add byte ptr ds:[bx+si], al ; 0000
0010024a: (                    ): add byte ptr ds:[bx+si], al ; 0000
0010024c: (                    ): add byte ptr ds:[bx+si], al ; 0000
0010024e: (                    ): add byte ptr ds:[bx+si], al ; 0000
00100250: (                    ): add byte ptr ds:[bx+si], al ; 0000
00100252: (                    ): add byte ptr ds:[bx+si], al ; 0000
00100254: (                    ): add byte ptr ds:[bx+si], al ; 0000
00100256: (                    ): add byte ptr ds:[bx+si], al ; 0000
00100258: (                    ): add byte ptr ds:[bx+si], al ; 0000
0010025a: (                    ): add byte ptr ds:[bx+si], al ; 0000
0010025c: (                    ): add byte ptr ds:[bx+si], al ; 0000
0010025e: (                    ): add byte ptr ds:[bx+si], al ; 0000
00100260: (                    ): add byte ptr ds:[bx+si], al ; 0000
00100262: (                    ): add byte ptr ds:[bx+si], al ; 0000
00100264: (                    ): add byte ptr ds:[bx+si], al ; 0000
00100266: (                    ): add byte ptr ds:[bx+si], al ; 0000
00100268: (                    ): add byte ptr ds:[bx+si], al ; 0000
0010026a: (                    ): add byte ptr ds:[bx+si], al ; 0000
0010026c: (                    ): add byte ptr ds:[bx+si], al ; 0000
0010026e: (                    ): add byte ptr ds:[bx+si], al ; 0000
00100270: (                    ): add byte ptr ds:[bx+si], al ; 0000
00100272: (                    ): add byte ptr ds:[bx+si], al ; 0000
00100274: (                    ): add byte ptr ds:[bx+si], al ; 0000
00100276: (                    ): add byte ptr ds:[bx+si], al ; 0000
00100278: (                    ): add byte ptr ds:[bx+si], al ; 0000
0010027a: (                    ): add byte ptr ds:[bx+si], al ; 0000
0010027c: (                    ): add byte ptr ds:[bx+si], al ; 0000
0010027e: (                    ): add byte ptr ds:[bx+si], al ; 0000
00100280: (                    ): add byte ptr ds:[bx+si], al ; 0000
00100282: (                    ): add byte ptr ds:[bx+si], al ; 0000
00100284: (                    ): add byte ptr ds:[bx+si], al ; 0000
00100286: (                    ): add byte ptr ds:[bx+si], al ; 0000
00100288: (                    ): add byte ptr ds:[bx+si], al ; 0000
0010028a: (                    ): add byte ptr ds:[bx+si], al ; 0000
0010028c: (                    ): add byte ptr ds:[bx+si], al ; 0000
0010028e: (                    ): add byte ptr ds:[bx+si], al ; 0000
00100290: (                    ): add byte ptr ds:[bx+si], al ; 0000
00100292: (                    ): add byte ptr ds:[bx+si], al ; 0000
00100294: (                    ): add byte ptr ds:[bx+si], al ; 0000
00100296: (                    ): add byte ptr ds:[bx+si], al ; 0000
00100298: (                    ): add byte ptr ds:[bx+si], al ; 0000
0010029a: (                    ): add byte ptr ds:[bx+si], al ; 0000
0010029c: (                    ): add byte ptr ds:[bx+si], al ; 0000
0010029e: (                    ): add byte ptr ds:[bx+si], al ; 0000
001002a0: (                    ): add byte ptr ds:[bx+si], al ; 0000
001002a2: (                    ): add byte ptr ds:[bx+si], al ; 0000
001002a4: (                    ): add byte ptr ds:[bx+si], al ; 0000
001002a6: (                    ): add byte ptr ds:[bx+si], al ; 0000
001002a8: (                    ): add byte ptr ds:[bx+si], al ; 0000
001002aa: (                    ): add byte ptr ds:[bx+si], al ; 0000
001002ac: (                    ): add byte ptr ds:[bx+si], al ; 0000
001002ae: (                    ): add byte ptr ds:[bx+si], al ; 0000
001002b0: (                    ): add byte ptr ds:[bx+si], al ; 0000
001002b2: (                    ): add byte ptr ds:[bx+si], al ; 0000
001002b4: (                    ): add byte ptr ds:[bx+si], al ; 0000
001002b6: (                    ): add byte ptr ds:[bx+si], al ; 0000
001002b8: (                    ): add byte ptr ds:[bx+si], al ; 0000
001002ba: (                    ): add byte ptr ds:[bx+si], al ; 0000
001002bc: (                    ): add byte ptr ds:[bx+si], al ; 0000
001002be: (                    ): add byte ptr ds:[bx+si], al ; 0000
001002c0: (                    ): add byte ptr ds:[bx+si], al ; 0000
001002c2: (                    ): add byte ptr ds:[bx+si], al ; 0000
001002c4: (                    ): add byte ptr ds:[bx+si], al ; 0000
001002c6: (                    ): add byte ptr ds:[bx+si], al ; 0000
001002c8: (                    ): add byte ptr ds:[bx+si], al ; 0000
001002ca: (                    ): add byte ptr ds:[bx+si], al ; 0000
001002cc: (                    ): add byte ptr ds:[bx+si], al ; 0000
001002ce: (                    ): add byte ptr ds:[bx+si], al ; 0000
001002d0: (                    ): add byte ptr ds:[bx+si], al ; 0000
001002d2: (                    ): add byte ptr ds:[bx+si], al ; 0000
001002d4: (                    ): add byte ptr ds:[bx+si], al ; 0000
001002d6: (                    ): add byte ptr ds:[bx+si], al ; 0000
001002d8: (                    ): add byte ptr ds:[bx+si], al ; 0000
001002da: (                    ): add byte ptr ds:[bx+si], al ; 0000
001002dc: (                    ): add byte ptr ds:[bx+si], al ; 0000
001002de: (                    ): add byte ptr ds:[bx+si], al ; 0000
001002e0: (                    ): add byte ptr ds:[bx+si], al ; 0000
001002e2: (                    ): add byte ptr ds:[bx+si], al ; 0000
001002e4: (                    ): add byte ptr ds:[bx+si], al ; 0000
001002e6: (                    ): add byte ptr ds:[bx+si], al ; 0000
001002e8: (                    ): add byte ptr ds:[bx+si], al ; 0000
001002ea: (                    ): add byte ptr ds:[bx+si], al ; 0000
001002ec: (                    ): add byte ptr ds:[bx+si], al ; 0000
001002ee: (                    ): add byte ptr ds:[bx+si], al ; 0000
001002f0: (                    ): add byte ptr ds:[bx+si], al ; 0000
001002f2: (                    ): add byte ptr ds:[bx+si], al ; 0000
001002f4: (                    ): add byte ptr ds:[bx+si], al ; 0000
001002f6: (                    ): add byte ptr ds:[bx+si], al ; 0000
001002f8: (                    ): add byte ptr ds:[bx+si], al ; 0000
001002fa: (                    ): add byte ptr ds:[bx+si], al ; 0000
001002fc: (                    ): add byte ptr ds:[bx+si], al ; 0000
001002fe: (                    ): add byte ptr ds:[bx+si], al ; 0000
00100300: (                    ): add byte ptr ds:[bx+si], al ; 0000
00100302: (                    ): add byte ptr ds:[bx+si], al ; 0000
00100304: (                    ): add byte ptr ds:[bx+si], al ; 0000
00100306: (                    ): add byte ptr ds:[bx+si], al ; 0000
00100308: (                    ): add byte ptr ds:[bx+si], al ; 0000
0010030a: (                    ): add byte ptr ds:[bx+si], al ; 0000
0010030c: (                    ): add byte ptr ds:[bx+si], al ; 0000
0010030e: (                    ): add byte ptr ds:[bx+si], al ; 0000
00100310: (                    ): add byte ptr ds:[bx+si], al ; 0000
00100312: (                    ): add byte ptr ds:[bx+si], al ; 0000
00100314: (                    ): add byte ptr ds:[bx+si], al ; 0000
00100316: (                    ): add byte ptr ds:[bx+si], al ; 0000
00100318: (                    ): add byte ptr ds:[bx+si], al ; 0000
0010031a: (                    ): add byte ptr ds:[bx+si], al ; 0000
0010031c: (                    ): add byte ptr ds:[bx+si], al ; 0000
0010031e: (                    ): add byte ptr ds:[bx+si], al ; 0000
00100320: (                    ): add byte ptr ds:[bx+si], al ; 0000
00100322: (                    ): add byte ptr ds:[bx+si], al ; 0000
00100324: (                    ): add byte ptr ds:[bx+si], al ; 0000
00100326: (                    ): add byte ptr ds:[bx+si], al ; 0000
00100328: (                    ): add byte ptr ds:[bx+si], al ; 0000
0010032a: (                    ): add byte ptr ds:[bx+si], al ; 0000
0010032c: (                    ): add byte ptr ds:[bx+si], al ; 0000
0010032e: (                    ): add byte ptr ds:[bx+si], al ; 0000
00100330: (                    ): add byte ptr ds:[bx+si], al ; 0000
00100332: (                    ): add byte ptr ds:[bx+si], al ; 0000
00100334: (                    ): add byte ptr ds:[bx+si], al ; 0000
00100336: (                    ): add byte ptr ds:[bx+si], al ; 0000
00100338: (                    ): add byte ptr ds:[bx+si], al ; 0000
0010033a: (                    ): add byte ptr ds:[bx+si], al ; 0000
0010033c: (                    ): add byte ptr ds:[bx+si], al ; 0000
0010033e: (                    ): add byte ptr ds:[bx+si], al ; 0000
00100340: (                    ): add byte ptr ds:[bx+si], al ; 0000
00100342: (                    ): add byte ptr ds:[bx+si], al ; 0000
00100344: (                    ): add byte ptr ds:[bx+si], al ; 0000
00100346: (                    ): add byte ptr ds:[bx+si], al ; 0000
00100348: (                    ): add byte ptr ds:[bx+si], al ; 0000
0010034a: (                    ): add byte ptr ds:[bx+si], al ; 0000
0010034c: (                    ): add byte ptr ds:[bx+si], al ; 0000
0010034e: (                    ): add byte ptr ds:[bx+si], al ; 0000
00100350: (                    ): add byte ptr ds:[bx+si], al ; 0000
00100352: (                    ): add byte ptr ds:[bx+si], al ; 0000
00100354: (                    ): add byte ptr ds:[bx+si], al ; 0000
00100356: (                    ): add byte ptr ds:[bx+si], al ; 0000
00100358: (                    ): add byte ptr ds:[bx+si], al ; 0000
0010035a: (                    ): add byte ptr ds:[bx+si], al ; 0000
0010035c: (                    ): add byte ptr ds:[bx+si], al ; 0000
0010035e: (                    ): add byte ptr ds:[bx+si], al ; 0000
00100360: (                    ): add byte ptr ds:[bx+si], al ; 0000
00100362: (                    ): add byte ptr ds:[bx+si], al ; 0000
00100364: (                    ): add byte ptr ds:[bx+si], al ; 0000
00100366: (                    ): add byte ptr ds:[bx+si], al ; 0000
00100368: (                    ): add byte ptr ds:[bx+si], al ; 0000
0010036a: (                    ): add byte ptr ds:[bx+si], al ; 0000
0010036c: (                    ): add byte ptr ds:[bx+si], al ; 0000
0010036e: (                    ): add byte ptr ds:[bx+si], al ; 0000
00100370: (                    ): add byte ptr ds:[bx+si], al ; 0000
00100372: (                    ): add byte ptr ds:[bx+si], al ; 0000
00100374: (                    ): add byte ptr ds:[bx+si], al ; 0000
00100376: (                    ): add byte ptr ds:[bx+si], al ; 0000
00100378: (                    ): add byte ptr ds:[bx+si], al ; 0000
0010037a: (                    ): add byte ptr ds:[bx+si], al ; 0000
0010037c: (                    ): add byte ptr ds:[bx+si], al ; 0000
0010037e: (                    ): add byte ptr ds:[bx+si], al ; 0000
00100380: (                    ): add byte ptr ds:[bx+si], al ; 0000
00100382: (                    ): add byte ptr ds:[bx+si], al ; 0000
00100384: (                    ): add byte ptr ds:[bx+si], al ; 0000
00100386: (                    ): add byte ptr ds:[bx+si], al ; 0000
00100388: (                    ): add byte ptr ds:[bx+si], al ; 0000
0010038a: (                    ): add byte ptr ds:[bx+si], al ; 0000
0010038c: (                    ): add byte ptr ds:[bx+si], al ; 0000
0010038e: (                    ): add byte ptr ds:[bx+si], al ; 0000
00100390: (                    ): add byte ptr ds:[bx+si], al ; 0000
00100392: (                    ): add byte ptr ds:[bx+si], al ; 0000
00100394: (                    ): add byte ptr ds:[bx+si], al ; 0000
00100396: (                    ): add byte ptr ds:[bx+si], al ; 0000
00100398: (                    ): add byte ptr ds:[bx+si], al ; 0000
0010039a: (                    ): add byte ptr ds:[bx+si], al ; 0000
0010039c: (                    ): add byte ptr ds:[bx+si], al ; 0000
0010039e: (                    ): add byte ptr ds:[bx+si], al ; 0000
001003a0: (                    ): add byte ptr ds:[bx+si], al ; 0000
001003a2: (                    ): add byte ptr ds:[bx+si], al ; 0000
001003a4: (                    ): add byte ptr ds:[bx+si], al ; 0000
001003a6: (                    ): add byte ptr ds:[bx+si], al ; 0000
001003a8: (                    ): add byte ptr ds:[bx+si], al ; 0000
001003aa: (                    ): add byte ptr ds:[bx+si], al ; 0000
001003ac: (                    ): add byte ptr ds:[bx+si], al ; 0000
001003ae: (                    ): add byte ptr ds:[bx+si], al ; 0000
001003b0: (                    ): add byte ptr ds:[bx+si], al ; 0000
001003b2: (                    ): add byte ptr ds:[bx+si], al ; 0000
001003b4: (                    ): add byte ptr ds:[bx+si], al ; 0000
001003b6: (                    ): add byte ptr ds:[bx+si], al ; 0000
001003b8: (                    ): add byte ptr ds:[bx+si], al ; 0000
001003ba: (                    ): add byte ptr ds:[bx+si], al ; 0000
001003bc: (                    ): add byte ptr ds:[bx+si], al ; 0000
001003be: (                    ): add byte ptr ds:[bx+si], al ; 0000
001003c0: (                    ): add byte ptr ds:[bx+si], al ; 0000
001003c2: (                    ): add byte ptr ds:[bx+si], al ; 0000
001003c4: (                    ): add byte ptr ds:[bx+si], al ; 0000
001003c6: (                    ): add byte ptr ds:[bx+si], al ; 0000
001003c8: (                    ): add byte ptr ds:[bx+si], al ; 0000
001003ca: (                    ): add byte ptr ds:[bx+si], al ; 0000
001003cc: (                    ): add byte ptr ds:[bx+si], al ; 0000
001003ce: (                    ): add byte ptr ds:[bx+si], al ; 0000
001003d0: (                    ): add byte ptr ds:[bx+si], al ; 0000
001003d2: (                    ): add byte ptr ds:[bx+si], al ; 0000
001003d4: (                    ): add byte ptr ds:[bx+si], al ; 0000
001003d6: (                    ): add byte ptr ds:[bx+si], al ; 0000
001003d8: (                    ): add byte ptr ds:[bx+si], al ; 0000
001003da: (                    ): add byte ptr ds:[bx+si], al ; 0000
001003dc: (                    ): add byte ptr ds:[bx+si], al ; 0000
001003de: (                    ): add byte ptr ds:[bx+si], al ; 0000
001003e0: (                    ): add byte ptr ds:[bx+si], al ; 0000
001003e2: (                    ): add byte ptr ds:[bx+si], al ; 0000
001003e4: (                    ): add byte ptr ds:[bx+si], al ; 0000
001003e6: (                    ): add byte ptr ds:[bx+si], al ; 0000
001003e8: (                    ): add byte ptr ds:[bx+si], al ; 0000
001003ea: (                    ): add byte ptr ds:[bx+si], al ; 0000
001003ec: (                    ): add byte ptr ds:[bx+si], al ; 0000
001003ee: (                    ): add byte ptr ds:[bx+si], al ; 0000
<bochs:11> info break
Num Type           Disp Enb Address
<bochs:12> 